<?xml version="1.0" encoding="UTF-8"?>
<testng-results skipped="0" failed="1" ignored="0" total="2" passed="1">
  <reporter-output>
    <line>
      <![CDATA[getting ready current time log]]>
    </line>
    <line>
      <![CDATA[current time ready  log]]>
    </line>
    <line>
      <![CDATA[browser getting started log]]>
    </line>
    <line>
      <![CDATA[browser  ready for use]]>
    </line>
    <line>
      <![CDATA[Fblogin test getting started log]]>
    </line>
    <line>
      <![CDATA[Fblogin test ended log]]>
    </line>
    <line>
      <![CDATA[screenshot going to setup log]]>
    </line>
    <line>
      <![CDATA[getting ready current time log]]>
    </line>
    <line>
      <![CDATA[current time ready  log]]>
    </line>
    <line>
      <![CDATA[screen shot configured log]]>
    </line>
    <line>
      <![CDATA[run test getting started log]]>
    </line>
    <line>
      <![CDATA[screenshot going to setup log]]>
    </line>
    <line>
      <![CDATA[getting ready current time log]]>
    </line>
    <line>
      <![CDATA[current time ready  log]]>
    </line>
    <line>
      <![CDATA[screen shot configured log]]>
    </line>
    <line>
      <![CDATA[browser  going to  close log]]>
    </line>
    <line>
      <![CDATA[browser    close log]]>
    </line>
  </reporter-output>
  <suite name="Suite" duration-ms="31609" started-at="2022-02-14T07:05:02Z" finished-at="2022-02-14T07:05:34Z">
    <groups>
    </groups>
    <test name="Test" duration-ms="31609" started-at="2022-02-14T07:05:02Z" finished-at="2022-02-14T07:05:34Z">
      <class name="com.fb.test.FBLogintest">
        <test-method status="PASS" signature="setupSuite()[pri:0, instance:com.fb.test.FBLogintest@1700915]" name="setupSuite" is-config="true" duration-ms="1771" started-at="2022-02-14T07:05:00Z" finished-at="2022-02-14T07:05:02Z">
          <reporter-output>
            <line>
              <![CDATA[getting ready current time log]]>
            </line>
            <line>
              <![CDATA[current time ready  log]]>
            </line>
          </reporter-output>
        </test-method> <!-- setupSuite -->
        <test-method status="PASS" signature="setUp()[pri:0, instance:com.fb.test.FBLogintest@1700915]" name="setUp" is-config="true" duration-ms="10470" started-at="2022-02-14T07:05:02Z" finished-at="2022-02-14T07:05:12Z">
          <reporter-output>
            <line>
              <![CDATA[browser getting started log]]>
            </line>
            <line>
              <![CDATA[browser  ready for use]]>
            </line>
          </reporter-output>
        </test-method> <!-- setUp -->
        <test-method status="PASS" signature="loginApp()[pri:0, instance:com.fb.test.FBLogintest@1700915]" name="loginApp" duration-ms="3817" started-at="2022-02-14T07:05:12Z" finished-at="2022-02-14T07:05:16Z">
          <reporter-output>
            <line>
              <![CDATA[Fblogin test getting started log]]>
            </line>
            <line>
              <![CDATA[Fblogin test ended log]]>
            </line>
          </reporter-output>
        </test-method> <!-- loginApp -->
        <test-method status="PASS" signature="tearDownScreenshot(org.testng.ITestResult)[pri:0, instance:com.fb.test.FBLogintest@1700915]" name="tearDownScreenshot" is-config="true" duration-ms="15035" started-at="2022-02-14T07:05:16Z" finished-at="2022-02-14T07:05:31Z">
          <params>
            <param index="0">
              <value>
                <![CDATA[[TestResult name=loginApp status=SUCCESS method=FBLogintest.loginApp()[pri:0, instance:com.fb.test.FBLogintest@1700915] output=Fblogin test getting started log]]]>
              </value>
            </param>
          </params>
          <reporter-output>
            <line>
              <![CDATA[screenshot going to setup log]]>
            </line>
            <line>
              <![CDATA[getting ready current time log]]>
            </line>
            <line>
              <![CDATA[current time ready  log]]>
            </line>
            <line>
              <![CDATA[screen shot configured log]]>
            </line>
          </reporter-output>
        </test-method> <!-- tearDownScreenshot -->
        <test-method status="FAIL" signature="run()[pri:0, instance:com.fb.test.FBLogintest@1700915]" name="run" duration-ms="7" started-at="2022-02-14T07:05:31Z" finished-at="2022-02-14T07:05:31Z">
          <exception class="java.lang.AssertionError">
            <message>
              <![CDATA[expected [true] but found [false]]]>
            </message>
            <full-stacktrace>
              <![CDATA[java.lang.AssertionError: expected [true] but found [false]
at org.testng.Assert.fail(Assert.java:96)
at org.testng.Assert.failNotEquals(Assert.java:776)
at org.testng.Assert.assertEqualsImpl(Assert.java:137)
at org.testng.Assert.assertEquals(Assert.java:118)
at org.testng.Assert.assertEquals(Assert.java:568)
at org.testng.Assert.assertEquals(Assert.java:578)
at com.fb.test.FBLogintest.run(FBLogintest.java:52)
at sun.reflect.NativeMethodAccessorImpl.invoke0(Native Method)
at sun.reflect.NativeMethodAccessorImpl.invoke(NativeMethodAccessorImpl.java:62)
at sun.reflect.DelegatingMethodAccessorImpl.invoke(DelegatingMethodAccessorImpl.java:43)
at java.lang.reflect.Method.invoke(Method.java:498)
at org.testng.internal.MethodInvocationHelper.invokeMethod(MethodInvocationHelper.java:124)
at org.testng.internal.Invoker.invokeMethod(Invoker.java:583)
at org.testng.internal.Invoker.invokeTestMethod(Invoker.java:719)
at org.testng.internal.Invoker.invokeTestMethods(Invoker.java:989)
at org.testng.internal.TestMethodWorker.invokeTestMethods(TestMethodWorker.java:125)
at org.testng.internal.TestMethodWorker.run(TestMethodWorker.java:109)
at org.testng.TestRunner.privateRun(TestRunner.java:648)
at org.testng.TestRunner.run(TestRunner.java:505)
at org.testng.SuiteRunner.runTest(SuiteRunner.java:455)
at org.testng.SuiteRunner.runSequentially(SuiteRunner.java:450)
at org.testng.SuiteRunner.privateRun(SuiteRunner.java:415)
at org.testng.SuiteRunner.run(SuiteRunner.java:364)
at org.testng.SuiteRunnerWorker.runSuite(SuiteRunnerWorker.java:52)
at org.testng.SuiteRunnerWorker.run(SuiteRunnerWorker.java:84)
at org.testng.TestNG.runSuitesSequentially(TestNG.java:1208)
at org.testng.TestNG.runSuitesLocally(TestNG.java:1137)
at org.testng.TestNG.runSuites(TestNG.java:1049)
at org.testng.TestNG.run(TestNG.java:1017)
at org.testng.remote.AbstractRemoteTestNG.run(AbstractRemoteTestNG.java:115)
at org.testng.remote.RemoteTestNG.initAndRun(RemoteTestNG.java:251)
at org.testng.remote.RemoteTestNG.main(RemoteTestNG.java:77)
]]>
            </full-stacktrace>
          </exception> <!-- java.lang.AssertionError -->
          <reporter-output>
            <line>
              <![CDATA[run test getting started log]]>
            </line>
          </reporter-output>
        </test-method> <!-- run -->
        <test-method status="PASS" signature="tearDownScreenshot(org.testng.ITestResult)[pri:0, instance:com.fb.test.FBLogintest@1700915]" name="tearDownScreenshot" is-config="true" duration-ms="637" started-at="2022-02-14T07:05:31Z" finished-at="2022-02-14T07:05:32Z">
          <params>
            <param index="0">
              <value>
                <![CDATA[[TestResult name=run status=FAILURE method=FBLogintest.run()[pri:0, instance:com.fb.test.FBLogintest@1700915] output=run test getting started log]]]>
              </value>
            </param>
          </params>
          <reporter-output>
            <line>
              <![CDATA[screenshot going to setup log]]>
            </line>
            <line>
              <![CDATA[getting ready current time log]]>
            </line>
            <line>
              <![CDATA[current time ready  log]]>
            </line>
            <line>
              <![CDATA[screen shot configured log]]>
            </line>
          </reporter-output>
        </test-method> <!-- tearDownScreenshot -->
        <test-method status="PASS" signature="tearDown()[pri:0, instance:com.fb.test.FBLogintest@1700915]" name="tearDown" is-config="true" duration-ms="1584" started-at="2022-02-14T07:05:32Z" finished-at="2022-02-14T07:05:34Z">
          <reporter-output>
            <line>
              <![CDATA[browser  going to  close log]]>
            </line>
            <line>
              <![CDATA[browser    close log]]>
            </line>
          </reporter-output>
        </test-method> <!-- tearDown -->
      </class> <!-- com.fb.test.FBLogintest -->
    </test> <!-- Test -->
  </suite> <!-- Suite -->
</testng-results>
