<?xml version="1.0" encoding="UTF-8"?>
<!-- Generated by org.testng.reporters.JUnitXMLReporter -->
<testsuite hostname="DESKTOP-VIRBGBF" ignored="0" name="Test" tests="2" failures="1" timestamp="14 Feb 2022 07:05:34 GMT" time="31.609" errors="0">
  <testcase name="loginApp" time="3.817" classname="com.fb.test.FBLogintest"/>
  <testcase name="run" time="0.007" classname="com.fb.test.FBLogintest">
    <failure type="java.lang.AssertionError" message="expected [true] but found [false]">
      <![CDATA[java.lang.AssertionError: expected [true] but found [false]
at com.fb.test.FBLogintest.run(FBLogintest.java:52)
... Removed 31 stack frames]]>
    </failure>
  </testcase> <!-- run -->
</testsuite> <!-- Test -->
